= Start
@ ./omp:[0x400d9a] + 0x15175f0 0x20000
@ /lib64/libc.so.6:[0x7fe4961c154d] + 0x1537600 0x238
@ /lib64/libc.so.6:[0x7fe4961c154d] + 0x1537840 0x238
@ ./omp:[0x400e13] + 0x7fe495155010 0x1000000
@ ./omp:[0x40344f] + 0x7fe494154010 0x1000000
@ ./omp:[0x4037e3] - 0x7fe494154010
@ ./omp:[0x401085] + 0x1537a80 0x144
@ ./omp:[0x401128] + 0x1537bd0 0x450
@ ./omp:[0x401159] + 0x1538030 0x40000
@ ./omp:[0x401164] + 0x1578040 0x40000
@ ./omp:[0x401174] + 0x15b8050 0x40000
@ /lib64/libgomp.so.1:[0x7fe49673c869] + 0x15f8060 0xd0
@ /lib64/libgomp.so.1:[0x7fe49673c869] + 0x15f8140 0x1e90
@ /lib64/libgomp.so.1:[0x7fe49673c869] + 0x15f9fe0 0xc0
@ /lib64/libgomp.so.1:[0x7fe49673c8b9] + 0x15fa0b0 0xf8
@ /lib64/ld-linux-x86-64.so.2:(_dl_allocate_tls+0x25)[0x7fe496c6cc25] + 0x15fa1b0 0x240
@ /lib64/ld-linux-x86-64.so.2:(_dl_allocate_tls+0x25)[0x7fe496c6cc25] + 0x15fa400 0x240
@ /lib64/ld-linux-x86-64.so.2:(_dl_allocate_tls+0x25)[0x7fe496c6cc25] + 0x15fa650 0x240
@ /lib64/ld-linux-x86-64.so.2:(_dl_allocate_tls+0x25)[0x7fe496c6cc25] + 0x15fa8a0 0x240
@ /lib64/ld-linux-x86-64.so.2:(_dl_allocate_tls+0x25)[0x7fe496c6cc25] + 0x15faaf0 0x240
@ /lib64/ld-linux-x86-64.so.2:(_dl_allocate_tls+0x25)[0x7fe496c6cc25] + 0x15fad40 0x240
@ /lib64/ld-linux-x86-64.so.2:(_dl_allocate_tls+0x25)[0x7fe496c6cc25] + 0x15faf90 0x240
@ /lib64/ld-linux-x86-64.so.2:(_dl_allocate_tls+0x25)[0x7fe496c6cc25] + 0x15fb1e0 0x240
@ /lib64/ld-linux-x86-64.so.2:(_dl_allocate_tls+0x25)[0x7fe496c6cc25] + 0x15fb430 0x240
@ /lib64/ld-linux-x86-64.so.2:(_dl_allocate_tls+0x25)[0x7fe496c6cc25] + 0x15fb680 0x240
@ /lib64/ld-linux-x86-64.so.2:(_dl_allocate_tls+0x25)[0x7fe496c6cc25] + 0x15fb8d0 0x240
@ /lib64/ld-linux-x86-64.so.2:(_dl_allocate_tls+0x25)[0x7fe496c6cc25] + 0x15fbb20 0x240
@ /lib64/ld-linux-x86-64.so.2:(_dl_allocate_tls+0x25)[0x7fe496c6cc25] + 0x15fbd70 0x240
@ /lib64/ld-linux-x86-64.so.2:(_dl_allocate_tls+0x25)[0x7fe496c6cc25] + 0x15fbfc0 0x240
@ /lib64/ld-linux-x86-64.so.2:(_dl_allocate_tls+0x25)[0x7fe496c6cc25] + 0x15fc210 0x240
@ /lib64/ld-linux-x86-64.so.2:(_dl_allocate_tls+0x25)[0x7fe496c6cc25] + 0x15fc460 0x240
@ /lib64/ld-linux-x86-64.so.2:(_dl_allocate_tls+0x25)[0x7fe496c6cc25] + 0x15fc6b0 0x240
@ /lib64/ld-linux-x86-64.so.2:(_dl_allocate_tls+0x25)[0x7fe496c6cc25] + 0x15fc900 0x240
@ /lib64/ld-linux-x86-64.so.2:(_dl_allocate_tls+0x25)[0x7fe496c6cc25] + 0x15fcb50 0x240
@ /lib64/ld-linux-x86-64.so.2:(_dl_allocate_tls+0x25)[0x7fe496c6cc25] + 0x15fcda0 0x240
@ /lib64/ld-linux-x86-64.so.2:(_dl_allocate_tls+0x25)[0x7fe496c6cc25] + 0x15fcff0 0x240
@ /lib64/ld-linux-x86-64.so.2:(_dl_allocate_tls+0x25)[0x7fe496c6cc25] + 0x15fd240 0x240
@ /lib64/ld-linux-x86-64.so.2:(_dl_allocate_tls+0x25)[0x7fe496c6cc25] + 0x15fd490 0x240
@ /lib64/ld-linux-x86-64.so.2:(_dl_allocate_tls+0x25)[0x7fe496c6cc25] + 0x15fd6e0 0x240
@ /lib64/ld-linux-x86-64.so.2:(_dl_allocate_tls+0x25)[0x7fe496c6cc25] + 0x15fd930 0x240
@ /lib64/ld-linux-x86-64.so.2:(_dl_allocate_tls+0x25)[0x7fe496c6cc25] + 0x15fdb80 0x240
@ /lib64/ld-linux-x86-64.so.2:(_dl_allocate_tls+0x25)[0x7fe496c6cc25] + 0x15fddd0 0x240
@ /lib64/ld-linux-x86-64.so.2:(_dl_allocate_tls+0x25)[0x7fe496c6cc25] + 0x15fe020 0x240
@ /lib64/ld-linux-x86-64.so.2:(_dl_allocate_tls+0x25)[0x7fe496c6cc25] + 0x15fe270 0x240
@ ./omp:[0x40119f] + 0x15fe4c0 0x40000
@ ./omp:[0x4011ac] + 0x163e4d0 0x40000
@ ./omp:[0x4011b9] + 0x167e4e0 0x40000
@ ./omp:[0x4011c6] + 0x16be4f0 0x40000
@ ./omp:[0x4011d1] + 0x16fe500 0x40000
@ ./omp:[0x4011ef] + 0x173e510 0x8a0000
@ ./omp:[0x4014fd] - 0x1537a80
@ ./omp:[0x401507] - 0x1537bd0
@ ./omp:[0x40150f] - 0x1538030
@ ./omp:[0x401519] - 0x15fe4c0
@ ./omp:[0x401523] - 0x163e4d0
@ ./omp:[0x40152d] - 0x167e4e0
@ ./omp:[0x401537] - 0x1578040
@ ./omp:[0x401541] - 0x15b8050
@ ./omp:[0x401549] - 0x16be4f0
@ ./omp:[0x401553] - 0x16fe500
@ ./omp:[0x400e5c] - 0x173e510
@ /lib64/libc.so.6:(fclose+0x155)[0x7fe4961c0bd5] - 0x1537600
@ /lib64/libc.so.6:(fclose+0x155)[0x7fe4961c0bd5] - 0x1537840
@ ./omp:[0x400e9b] - 0x15175f0
@ ./omp:[0x400ea3] - 0x7fe495155010
= End
